  [1m[35m (0.5ms)[0m  [1m[34mSELECT sqlite_version(*)[0m
  [1m[35m (160.9ms)[0m  [1m[35mCREATE TABLE "schema_migrations" ("version" varchar NOT NULL PRIMARY KEY)[0m
  [1m[35m (133.7ms)[0m  [1m[35mCREATE TABLE "ar_internal_metadata" ("key" varchar NOT NULL PRIMARY KEY, "value" varchar, "created_at" datetime NOT NULL, "updated_at" datetime NOT NULL)[0m
  [1m[35m (1.1ms)[0m  [1m[34mSELECT "schema_migrations"."version" FROM "schema_migrations" ORDER BY "schema_migrations"."version" ASC[0m
Migrating to DeviseCreateParents (20170911111654)
  [1m[35m (0.2ms)[0m  [1m[36mbegin transaction[0m
  [1m[35m (4.9ms)[0m  [1m[35mCREATE TABLE "parents" ("id" INTEGER PRIMARY KEY AUTOINCREMENT NOT NULL, "email" varchar DEFAULT '' NOT NULL, "encrypted_password" varchar DEFAULT '' NOT NULL, "reset_password_token" varchar, "reset_password_sent_at" datetime, "remember_created_at" datetime, "sign_in_count" integer DEFAULT 0 NOT NULL, "current_sign_in_at" datetime, "last_sign_in_at" datetime, "current_sign_in_ip" varchar, "last_sign_in_ip" varchar, "name" varchar, "dob" date, "phone" varchar, "address" text, "lat" float, "long" float, "last_login_ip" varchar, "created_at" datetime NOT NULL, "updated_at" datetime NOT NULL)[0m
  [1m[35m (0.6ms)[0m  [1m[35mCREATE UNIQUE INDEX "index_parents_on_email" ON "parents" ("email")[0m
  [1m[35m (0.4ms)[0m  [1m[34m            SELECT sql
            FROM sqlite_master
            WHERE name='index_parents_on_email' AND type='index'
            UNION ALL
            SELECT sql
            FROM sqlite_temp_master
            WHERE name='index_parents_on_email' AND type='index'
[0m
  [1m[35m (0.5ms)[0m  [1m[35mCREATE UNIQUE INDEX "index_parents_on_reset_password_token" ON "parents" ("reset_password_token")[0m
  [1m[35mSQL (1.4ms)[0m  [1m[32mINSERT INTO "schema_migrations" ("version") VALUES (?)[0m  [["version", "20170911111654"]]
  [1m[35m (355.1ms)[0m  [1m[36mcommit transaction[0m
Migrating to AddGenderToParents (20170911134614)
  [1m[35m (0.2ms)[0m  [1m[36mbegin transaction[0m
  [1m[35m (7.7ms)[0m  [1m[35mALTER TABLE "parents" ADD "gender" varchar[0m
  [1m[35mSQL (0.8ms)[0m  [1m[32mINSERT INTO "schema_migrations" ("version") VALUES (?)[0m  [["version", "20170911134614"]]
  [1m[35m (102.9ms)[0m  [1m[36mcommit transaction[0m
Migrating to AddSetLastLoginIpDefaultValueToParents (20170911160152)
  [1m[35m (0.2ms)[0m  [1m[36mbegin transaction[0m
  [1m[35m (0.9ms)[0m  [1m[35mCREATE TEMPORARY TABLE "aparents" ("id" integer NOT NULL PRIMARY KEY, "email" varchar DEFAULT '' NOT NULL, "encrypted_password" varchar DEFAULT '' NOT NULL, "reset_password_token" varchar DEFAULT NULL, "reset_password_sent_at" datetime DEFAULT NULL, "remember_created_at" datetime DEFAULT NULL, "sign_in_count" integer DEFAULT 0 NOT NULL, "current_sign_in_at" datetime DEFAULT NULL, "last_sign_in_at" datetime DEFAULT NULL, "current_sign_in_ip" varchar DEFAULT NULL, "last_sign_in_ip" varchar DEFAULT NULL, "name" varchar DEFAULT NULL, "dob" date DEFAULT NULL, "phone" varchar DEFAULT NULL, "address" text DEFAULT NULL, "lat" float DEFAULT NULL, "long" float DEFAULT NULL, "last_login_ip" varchar DEFAULT NULL, "created_at" datetime NOT NULL, "updated_at" datetime NOT NULL, "gender" varchar DEFAULT NULL)[0m
  [1m[35m (0.3ms)[0m  [1m[34m            SELECT sql
            FROM sqlite_master
            WHERE name='index_parents_on_reset_password_token' AND type='index'
            UNION ALL
            SELECT sql
            FROM sqlite_temp_master
            WHERE name='index_parents_on_reset_password_token' AND type='index'
[0m
  [1m[35m (0.3ms)[0m  [1m[34m            SELECT sql
            FROM sqlite_master
            WHERE name='index_parents_on_email' AND type='index'
            UNION ALL
            SELECT sql
            FROM sqlite_temp_master
            WHERE name='index_parents_on_email' AND type='index'
[0m
  [1m[35m (0.4ms)[0m  [1m[35mCREATE UNIQUE INDEX "tindex_aparents_on_reset_password_token" ON "aparents" ("reset_password_token")[0m
  [1m[35m (0.6ms)[0m  [1m[35mCREATE UNIQUE INDEX "tindex_aparents_on_email" ON "aparents" ("email")[0m
  [1m[35m (0.4ms)[0m  [1m[32mINSERT INTO "aparents" ("id","email","encrypted_password","reset_password_token","reset_password_sent_at","remember_created_at","sign_in_count","current_sign_in_at","last_sign_in_at","current_sign_in_ip","last_sign_in_ip","name","dob","phone","address","lat","long","last_login_ip","created_at","updated_at","gender")
                     SELECT "id","email","encrypted_password","reset_password_token","reset_password_sent_at","remember_created_at","sign_in_count","current_sign_in_at","last_sign_in_at","current_sign_in_ip","last_sign_in_ip","name","dob","phone","address","lat","long","last_login_ip","created_at","updated_at","gender" FROM "parents"[0m
  [1m[35m (4.8ms)[0m  [1m[35mDROP TABLE "parents"[0m
  [1m[35m (0.8ms)[0m  [1m[35mCREATE TABLE "parents" ("id" integer NOT NULL PRIMARY KEY, "email" varchar DEFAULT '' NOT NULL, "encrypted_password" varchar DEFAULT '' NOT NULL, "reset_password_token" varchar DEFAULT NULL, "reset_password_sent_at" datetime DEFAULT NULL, "remember_created_at" datetime DEFAULT NULL, "sign_in_count" integer DEFAULT 0 NOT NULL, "current_sign_in_at" datetime DEFAULT NULL, "last_sign_in_at" datetime DEFAULT NULL, "current_sign_in_ip" varchar DEFAULT NULL, "last_sign_in_ip" varchar DEFAULT NULL, "name" varchar DEFAULT NULL, "dob" date DEFAULT NULL, "phone" varchar DEFAULT NULL, "address" text DEFAULT NULL, "lat" float DEFAULT NULL, "long" float DEFAULT NULL, "last_login_ip" varchar DEFAULT '127.0.0.1', "created_at" datetime NOT NULL, "updated_at" datetime NOT NULL, "gender" varchar DEFAULT NULL)[0m
  [1m[35m (0.3ms)[0m  [1m[34m            SELECT sql
            FROM sqlite_master
            WHERE name='tindex_aparents_on_email' AND type='index'
            UNION ALL
            SELECT sql
            FROM sqlite_temp_master
            WHERE name='tindex_aparents_on_email' AND type='index'
[0m
  [1m[35m (0.3ms)[0m  [1m[34m            SELECT sql
            FROM sqlite_master
            WHERE name='tindex_aparents_on_reset_password_token' AND type='index'
            UNION ALL
            SELECT sql
            FROM sqlite_temp_master
            WHERE name='tindex_aparents_on_reset_password_token' AND type='index'
[0m
  [1m[35m (0.9ms)[0m  [1m[35mCREATE UNIQUE INDEX "index_parents_on_email" ON "parents" ("email")[0m
  [1m[35m (0.3ms)[0m  [1m[34m            SELECT sql
            FROM sqlite_master
            WHERE name='index_parents_on_email' AND type='index'
            UNION ALL
            SELECT sql
            FROM sqlite_temp_master
            WHERE name='index_parents_on_email' AND type='index'
[0m
  [1m[35m (0.5ms)[0m  [1m[35mCREATE UNIQUE INDEX "index_parents_on_reset_password_token" ON "parents" ("reset_password_token")[0m
  [1m[35m (0.3ms)[0m  [1m[32mINSERT INTO "parents" ("id","email","encrypted_password","reset_password_token","reset_password_sent_at","remember_created_at","sign_in_count","current_sign_in_at","last_sign_in_at","current_sign_in_ip","last_sign_in_ip","name","dob","phone","address","lat","long","last_login_ip","created_at","updated_at","gender")
                     SELECT "id","email","encrypted_password","reset_password_token","reset_password_sent_at","remember_created_at","sign_in_count","current_sign_in_at","last_sign_in_at","current_sign_in_ip","last_sign_in_ip","name","dob","phone","address","lat","long","last_login_ip","created_at","updated_at","gender" FROM "aparents"[0m
  [1m[35m (0.6ms)[0m  [1m[35mDROP TABLE "aparents"[0m
  [1m[35mSQL (1.0ms)[0m  [1m[32mINSERT INTO "schema_migrations" ("version") VALUES (?)[0m  [["version", "20170911160152"]]
  [1m[35m (114.0ms)[0m  [1m[36mcommit transaction[0m
Migrating to AddImageToParents (20170911161140)
  [1m[35m (0.2ms)[0m  [1m[36mbegin transaction[0m
  [1m[35m (5.0ms)[0m  [1m[35mALTER TABLE "parents" ADD "image" varchar[0m
  [1m[35mSQL (1.7ms)[0m  [1m[32mINSERT INTO "schema_migrations" ("version") VALUES (?)[0m  [["version", "20170911161140"]]
  [1m[35m (88.0ms)[0m  [1m[36mcommit transaction[0m
Migrating to DeviseCreateTeachers (20170913054829)
  [1m[35m (0.2ms)[0m  [1m[36mbegin transaction[0m
  [1m[35m (3.9ms)[0m  [1m[35mCREATE TABLE "teachers" ("id" INTEGER PRIMARY KEY AUTOINCREMENT NOT NULL, "email" varchar DEFAULT '' NOT NULL, "encrypted_password" varchar DEFAULT '' NOT NULL, "reset_password_token" varchar, "reset_password_sent_at" datetime, "remember_created_at" datetime, "sign_in_count" integer DEFAULT 0 NOT NULL, "current_sign_in_at" datetime, "last_sign_in_at" datetime, "current_sign_in_ip" varchar, "last_sign_in_ip" varchar, "name" varchar, "dob" date, "gender" varchar, "image" varchar, "phone" varchar, "address" text, "lat" float, "long" float, "last_login_ip" varchar, "created_at" datetime NOT NULL, "updated_at" datetime NOT NULL)[0m
  [1m[35m (0.5ms)[0m  [1m[35mCREATE UNIQUE INDEX "index_teachers_on_email" ON "teachers" ("email")[0m
  [1m[35m (0.2ms)[0m  [1m[34m            SELECT sql
            FROM sqlite_master
            WHERE name='index_teachers_on_email' AND type='index'
            UNION ALL
            SELECT sql
            FROM sqlite_temp_master
            WHERE name='index_teachers_on_email' AND type='index'
[0m
  [1m[35m (0.5ms)[0m  [1m[35mCREATE UNIQUE INDEX "index_teachers_on_reset_password_token" ON "teachers" ("reset_password_token")[0m
  [1m[35mSQL (0.7ms)[0m  [1m[32mINSERT INTO "schema_migrations" ("version") VALUES (?)[0m  [["version", "20170913054829"]]
  [1m[35m (90.7ms)[0m  [1m[36mcommit transaction[0m
Migrating to AddSetLastLoginIpDefaultValueToTeachers (20170913055003)
  [1m[35m (0.2ms)[0m  [1m[36mbegin transaction[0m
  [1m[35m (0.8ms)[0m  [1m[35mCREATE TEMPORARY TABLE "ateachers" ("id" integer NOT NULL PRIMARY KEY, "email" varchar DEFAULT '' NOT NULL, "encrypted_password" varchar DEFAULT '' NOT NULL, "reset_password_token" varchar DEFAULT NULL, "reset_password_sent_at" datetime DEFAULT NULL, "remember_created_at" datetime DEFAULT NULL, "sign_in_count" integer DEFAULT 0 NOT NULL, "current_sign_in_at" datetime DEFAULT NULL, "last_sign_in_at" datetime DEFAULT NULL, "current_sign_in_ip" varchar DEFAULT NULL, "last_sign_in_ip" varchar DEFAULT NULL, "name" varchar DEFAULT NULL, "dob" date DEFAULT NULL, "gender" varchar DEFAULT NULL, "image" varchar DEFAULT NULL, "phone" varchar DEFAULT NULL, "address" text DEFAULT NULL, "lat" float DEFAULT NULL, "long" float DEFAULT NULL, "last_login_ip" varchar DEFAULT NULL, "created_at" datetime NOT NULL, "updated_at" datetime NOT NULL)[0m
  [1m[35m (0.4ms)[0m  [1m[34m            SELECT sql
            FROM sqlite_master
            WHERE name='index_teachers_on_reset_password_token' AND type='index'
            UNION ALL
            SELECT sql
            FROM sqlite_temp_master
            WHERE name='index_teachers_on_reset_password_token' AND type='index'
[0m
  [1m[35m (0.4ms)[0m  [1m[34m            SELECT sql
            FROM sqlite_master
            WHERE name='index_teachers_on_email' AND type='index'
            UNION ALL
            SELECT sql
            FROM sqlite_temp_master
            WHERE name='index_teachers_on_email' AND type='index'
[0m
  [1m[35m (0.4ms)[0m  [1m[35mCREATE UNIQUE INDEX "tindex_ateachers_on_reset_password_token" ON "ateachers" ("reset_password_token")[0m
  [1m[35m (0.6ms)[0m  [1m[35mCREATE UNIQUE INDEX "tindex_ateachers_on_email" ON "ateachers" ("email")[0m
  [1m[35m (0.3ms)[0m  [1m[32mINSERT INTO "ateachers" ("id","email","encrypted_password","reset_password_token","reset_password_sent_at","remember_created_at","sign_in_count","current_sign_in_at","last_sign_in_at","current_sign_in_ip","last_sign_in_ip","name","dob","gender","image","phone","address","lat","long","last_login_ip","created_at","updated_at")
                     SELECT "id","email","encrypted_password","reset_password_token","reset_password_sent_at","remember_created_at","sign_in_count","current_sign_in_at","last_sign_in_at","current_sign_in_ip","last_sign_in_ip","name","dob","gender","image","phone","address","lat","long","last_login_ip","created_at","updated_at" FROM "teachers"[0m
  [1m[35m (3.9ms)[0m  [1m[35mDROP TABLE "teachers"[0m
  [1m[35m (0.8ms)[0m  [1m[35mCREATE TABLE "teachers" ("id" integer NOT NULL PRIMARY KEY, "email" varchar DEFAULT '' NOT NULL, "encrypted_password" varchar DEFAULT '' NOT NULL, "reset_password_token" varchar DEFAULT NULL, "reset_password_sent_at" datetime DEFAULT NULL, "remember_created_at" datetime DEFAULT NULL, "sign_in_count" integer DEFAULT 0 NOT NULL, "current_sign_in_at" datetime DEFAULT NULL, "last_sign_in_at" datetime DEFAULT NULL, "current_sign_in_ip" varchar DEFAULT NULL, "last_sign_in_ip" varchar DEFAULT NULL, "name" varchar DEFAULT NULL, "dob" date DEFAULT NULL, "gender" varchar DEFAULT NULL, "image" varchar DEFAULT NULL, "phone" varchar DEFAULT NULL, "address" text DEFAULT NULL, "lat" float DEFAULT NULL, "long" float DEFAULT NULL, "last_login_ip" varchar DEFAULT '127.0.0.1', "created_at" datetime NOT NULL, "updated_at" datetime NOT NULL)[0m
  [1m[35m (0.6ms)[0m  [1m[34m            SELECT sql
            FROM sqlite_master
            WHERE name='tindex_ateachers_on_email' AND type='index'
            UNION ALL
            SELECT sql
            FROM sqlite_temp_master
            WHERE name='tindex_ateachers_on_email' AND type='index'
[0m
  [1m[35m (0.3ms)[0m  [1m[34m            SELECT sql
            FROM sqlite_master
            WHERE name='tindex_ateachers_on_reset_password_token' AND type='index'
            UNION ALL
            SELECT sql
            FROM sqlite_temp_master
            WHERE name='tindex_ateachers_on_reset_password_token' AND type='index'
[0m
  [1m[35m (0.4ms)[0m  [1m[35mCREATE UNIQUE INDEX "index_teachers_on_email" ON "teachers" ("email")[0m
  [1m[35m (0.2ms)[0m  [1m[34m            SELECT sql
            FROM sqlite_master
            WHERE name='index_teachers_on_email' AND type='index'
            UNION ALL
            SELECT sql
            FROM sqlite_temp_master
            WHERE name='index_teachers_on_email' AND type='index'
[0m
  [1m[35m (0.5ms)[0m  [1m[35mCREATE UNIQUE INDEX "index_teachers_on_reset_password_token" ON "teachers" ("reset_password_token")[0m
  [1m[35m (0.3ms)[0m  [1m[32mINSERT INTO "teachers" ("id","email","encrypted_password","reset_password_token","reset_password_sent_at","remember_created_at","sign_in_count","current_sign_in_at","last_sign_in_at","current_sign_in_ip","last_sign_in_ip","name","dob","gender","image","phone","address","lat","long","last_login_ip","created_at","updated_at")
                     SELECT "id","email","encrypted_password","reset_password_token","reset_password_sent_at","remember_created_at","sign_in_count","current_sign_in_at","last_sign_in_at","current_sign_in_ip","last_sign_in_ip","name","dob","gender","image","phone","address","lat","long","last_login_ip","created_at","updated_at" FROM "ateachers"[0m
  [1m[35m (0.6ms)[0m  [1m[35mDROP TABLE "ateachers"[0m
  [1m[35mSQL (0.8ms)[0m  [1m[32mINSERT INTO "schema_migrations" ("version") VALUES (?)[0m  [["version", "20170913055003"]]
  [1m[35m (141.6ms)[0m  [1m[36mcommit transaction[0m
Migrating to CreateGrades (20170914054735)
  [1m[35m (0.2ms)[0m  [1m[36mbegin transaction[0m
  [1m[35m (8.7ms)[0m  [1m[35mCREATE TABLE "grades" ("id" INTEGER PRIMARY KEY AUTOINCREMENT NOT NULL, "name" varchar, "description" text, "created_at" datetime NOT NULL, "updated_at" datetime NOT NULL)[0m
  [1m[35mSQL (1.5ms)[0m  [1m[32mINSERT INTO "schema_migrations" ("version") VALUES (?)[0m  [["version", "20170914054735"]]
  [1m[35m (142.7ms)[0m  [1m[36mcommit transaction[0m
Migrating to CreateExamCategories (20170914151203)
  [1m[35m (0.2ms)[0m  [1m[36mbegin transaction[0m
  [1m[35m (3.8ms)[0m  [1m[35mCREATE TABLE "exam_categories" ("id" INTEGER PRIMARY KEY AUTOINCREMENT NOT NULL, "name" varchar, "description" text, "created_at" datetime NOT NULL, "updated_at" datetime NOT NULL)[0m
  [1m[35mSQL (0.8ms)[0m  [1m[32mINSERT INTO "schema_migrations" ("version") VALUES (?)[0m  [["version", "20170914151203"]]
  [1m[35m (94.5ms)[0m  [1m[36mcommit transaction[0m
Migrating to DeviseCreateStudents (20170918062503)
  [1m[35m (0.2ms)[0m  [1m[36mbegin transaction[0m
  [1m[35m (6.1ms)[0m  [1m[35mCREATE TABLE "students" ("id" INTEGER PRIMARY KEY AUTOINCREMENT NOT NULL, "email" varchar DEFAULT '' NOT NULL, "encrypted_password" varchar DEFAULT '' NOT NULL, "reset_password_token" varchar, "reset_password_sent_at" datetime, "remember_created_at" datetime, "sign_in_count" integer DEFAULT 0 NOT NULL, "current_sign_in_at" datetime, "last_sign_in_at" datetime, "current_sign_in_ip" varchar, "last_sign_in_ip" varchar, "name" varchar, "dob" date, "phone" varchar, "address" text, "lat" float, "long" float, "last_login_ip" varchar, "parent_id" integer, "created_at" datetime NOT NULL, "updated_at" datetime NOT NULL)[0m
  [1m[35m (0.6ms)[0m  [1m[35mCREATE  INDEX "index_students_on_parent_id" ON "students" ("parent_id")[0m
  [1m[35m (0.2ms)[0m  [1m[34m            SELECT sql
            FROM sqlite_master
            WHERE name='index_students_on_parent_id' AND type='index'
            UNION ALL
            SELECT sql
            FROM sqlite_temp_master
            WHERE name='index_students_on_parent_id' AND type='index'
[0m
  [1m[35m (0.7ms)[0m  [1m[35mCREATE UNIQUE INDEX "index_students_on_email" ON "students" ("email")[0m
  [1m[35m (0.3ms)[0m  [1m[34m            SELECT sql
            FROM sqlite_master
            WHERE name='index_students_on_email' AND type='index'
            UNION ALL
            SELECT sql
            FROM sqlite_temp_master
            WHERE name='index_students_on_email' AND type='index'
[0m
  [1m[35m (0.3ms)[0m  [1m[34m            SELECT sql
            FROM sqlite_master
            WHERE name='index_students_on_parent_id' AND type='index'
            UNION ALL
            SELECT sql
            FROM sqlite_temp_master
            WHERE name='index_students_on_parent_id' AND type='index'
[0m
  [1m[35m (0.9ms)[0m  [1m[35mCREATE UNIQUE INDEX "index_students_on_reset_password_token" ON "students" ("reset_password_token")[0m
  [1m[35mSQL (1.4ms)[0m  [1m[32mINSERT INTO "schema_migrations" ("version") VALUES (?)[0m  [["version", "20170918062503"]]
  [1m[35m (166.5ms)[0m  [1m[36mcommit transaction[0m
Migrating to AddGenderToStudents (20170918063545)
  [1m[35m (0.2ms)[0m  [1m[36mbegin transaction[0m
  [1m[35m (7.2ms)[0m  [1m[35mALTER TABLE "students" ADD "gender" varchar[0m
  [1m[35mSQL (0.8ms)[0m  [1m[32mINSERT INTO "schema_migrations" ("version") VALUES (?)[0m  [["version", "20170918063545"]]
  [1m[35m (107.5ms)[0m  [1m[36mcommit transaction[0m
Migrating to AddImageToStudents (20170918071013)
  [1m[35m (0.2ms)[0m  [1m[36mbegin transaction[0m
  [1m[35m (19.2ms)[0m  [1m[35mALTER TABLE "students" ADD "image" varchar[0m
  [1m[35mSQL (0.8ms)[0m  [1m[32mINSERT INTO "schema_migrations" ("version") VALUES (?)[0m  [["version", "20170918071013"]]
  [1m[35m (116.2ms)[0m  [1m[36mcommit transaction[0m
Migrating to CreateExams (20170918073059)
  [1m[35m (0.2ms)[0m  [1m[36mbegin transaction[0m
  [1m[35m (3.7ms)[0m  [1m[35mCREATE TABLE "exams" ("id" INTEGER PRIMARY KEY AUTOINCREMENT NOT NULL, "exam_category_id" integer, "name" varchar, "start_date" date, "created_at" datetime NOT NULL, "updated_at" datetime NOT NULL, CONSTRAINT "fk_rails_d3d7a740ef"
FOREIGN KEY ("exam_category_id")
  REFERENCES "exam_categories" ("id")
)[0m
  [1m[35m (1.2ms)[0m  [1m[35mCREATE  INDEX "index_exams_on_exam_category_id" ON "exams" ("exam_category_id")[0m
  [1m[35mSQL (0.7ms)[0m  [1m[32mINSERT INTO "schema_migrations" ("version") VALUES (?)[0m  [["version", "20170918073059"]]
  [1m[35m (104.0ms)[0m  [1m[36mcommit transaction[0m
Migrating to CreateCourses (20170918075805)
  [1m[35m (0.2ms)[0m  [1m[36mbegin transaction[0m
  [1m[35m (3.8ms)[0m  [1m[35mCREATE TABLE "courses" ("id" INTEGER PRIMARY KEY AUTOINCREMENT NOT NULL, "name" varchar, "description" text, "grade_id" integer, "created_at" datetime NOT NULL, "updated_at" datetime NOT NULL, CONSTRAINT "fk_rails_3f55dacdd2"
FOREIGN KEY ("grade_id")
  REFERENCES "grades" ("id")
)[0m
  [1m[35m (0.5ms)[0m  [1m[35mCREATE  INDEX "index_courses_on_grade_id" ON "courses" ("grade_id")[0m
  [1m[35mSQL (1.2ms)[0m  [1m[32mINSERT INTO "schema_migrations" ("version") VALUES (?)[0m  [["version", "20170918075805"]]
  [1m[35m (142.5ms)[0m  [1m[36mcommit transaction[0m
Migrating to CreateClassrooms (20170918082042)
  [1m[35m (0.2ms)[0m  [1m[36mbegin transaction[0m
  [1m[35m (22.8ms)[0m  [1m[35mCREATE TABLE "classrooms" ("id" INTEGER PRIMARY KEY AUTOINCREMENT NOT NULL, "name" varchar, "year" varchar, "grade_id" integer, "section" varchar, "status" varchar, "remarks" varchar, "teacher_id" integer, "created_at" datetime NOT NULL, "updated_at" datetime NOT NULL, CONSTRAINT "fk_rails_11c38ef6bf"
FOREIGN KEY ("grade_id")
  REFERENCES "grades" ("id")
, CONSTRAINT "fk_rails_33e9cf11b8"
FOREIGN KEY ("teacher_id")
  REFERENCES "teachers" ("id")
)[0m
  [1m[35m (0.5ms)[0m  [1m[35mCREATE  INDEX "index_classrooms_on_grade_id" ON "classrooms" ("grade_id")[0m
  [1m[35m (0.2ms)[0m  [1m[34m            SELECT sql
            FROM sqlite_master
            WHERE name='index_classrooms_on_grade_id' AND type='index'
            UNION ALL
            SELECT sql
            FROM sqlite_temp_master
            WHERE name='index_classrooms_on_grade_id' AND type='index'
[0m
  [1m[35m (0.6ms)[0m  [1m[35mCREATE  INDEX "index_classrooms_on_teacher_id" ON "classrooms" ("teacher_id")[0m
  [1m[35mSQL (0.7ms)[0m  [1m[32mINSERT INTO "schema_migrations" ("version") VALUES (?)[0m  [["version", "20170918082042"]]
  [1m[35m (99.5ms)[0m  [1m[36mcommit transaction[0m
Migrating to CreateAttendances (20170918085121)
  [1m[35m (0.2ms)[0m  [1m[36mbegin transaction[0m
  [1m[35m (6.0ms)[0m  [1m[35mCREATE TABLE "attendances" ("id" INTEGER PRIMARY KEY AUTOINCREMENT NOT NULL, "student_id" integer, "start_date" date, "end_date" date, "status" varchar, "remark" varchar, "created_at" datetime NOT NULL, "updated_at" datetime NOT NULL, CONSTRAINT "fk_rails_ab4e2d21a2"
FOREIGN KEY ("student_id")
  REFERENCES "students" ("id")
)[0m
  [1m[35m (0.5ms)[0m  [1m[35mCREATE  INDEX "index_attendances_on_student_id" ON "attendances" ("student_id")[0m
  [1m[35mSQL (1.2ms)[0m  [1m[32mINSERT INTO "schema_migrations" ("version") VALUES (?)[0m  [["version", "20170918085121"]]
  [1m[35m (176.4ms)[0m  [1m[36mcommit transaction[0m
Migrating to DeviseCreateUsers (20170923025443)
  [1m[35m (0.2ms)[0m  [1m[36mbegin transaction[0m
  [1m[35m (5.2ms)[0m  [1m[35mCREATE TABLE "users" ("id" INTEGER PRIMARY KEY AUTOINCREMENT NOT NULL, "email" varchar DEFAULT '' NOT NULL, "encrypted_password" varchar DEFAULT '' NOT NULL, "reset_password_token" varchar, "reset_password_sent_at" datetime, "remember_created_at" datetime, "sign_in_count" integer DEFAULT 0 NOT NULL, "current_sign_in_at" datetime, "last_sign_in_at" datetime, "current_sign_in_ip" varchar, "last_sign_in_ip" varchar, "name" varchar, "gender" varchar, "phone" varchar, "image" varchar, "created_at" datetime NOT NULL, "updated_at" datetime NOT NULL)[0m
  [1m[35m (0.8ms)[0m  [1m[35mCREATE UNIQUE INDEX "index_users_on_email" ON "users" ("email")[0m
  [1m[35m (0.2ms)[0m  [1m[34m            SELECT sql
            FROM sqlite_master
            WHERE name='index_users_on_email' AND type='index'
            UNION ALL
            SELECT sql
            FROM sqlite_temp_master
            WHERE name='index_users_on_email' AND type='index'
[0m
  [1m[35m (1.4ms)[0m  [1m[35mCREATE UNIQUE INDEX "index_users_on_reset_password_token" ON "users" ("reset_password_token")[0m
  [1m[35mSQL (0.8ms)[0m  [1m[32mINSERT INTO "schema_migrations" ("version") VALUES (?)[0m  [["version", "20170923025443"]]
  [1m[35m (273.6ms)[0m  [1m[36mcommit transaction[0m
  [1m[36mActiveRecord::InternalMetadata Load (1.0ms)[0m  [1m[34mSELECT  "ar_internal_metadata".* FROM "ar_internal_metadata" WHERE "ar_internal_metadata"."key" = ? LIMIT ?[0m  [["key", "environment"], ["LIMIT", 1]]
  [1m[35m (0.2ms)[0m  [1m[36mbegin transaction[0m
  [1m[35mSQL (4.2ms)[0m  [1m[32mINSERT INTO "ar_internal_metadata" ("key", "value", "created_at", "updated_at") VALUES (?, ?, ?, ?)[0m  [["key", "environment"], ["value", "development"], ["created_at", "2022-01-20 01:46:41.367152"], ["updated_at", "2022-01-20 01:46:41.367152"]]
  [1m[35m (99.4ms)[0m  [1m[36mcommit transaction[0m
  [1m[35m (1.0ms)[0m  [1m[34mSELECT "schema_migrations"."version" FROM "schema_migrations" ORDER BY "schema_migrations"."version" ASC[0m
  [1m[35m (0.9ms)[0m  [1m[34m            SELECT sql
            FROM sqlite_master
            WHERE name='index_attendances_on_student_id' AND type='index'
            UNION ALL
            SELECT sql
            FROM sqlite_temp_master
            WHERE name='index_attendances_on_student_id' AND type='index'
[0m
  [1m[35m (0.9ms)[0m  [1m[34m            SELECT sql
            FROM sqlite_master
            WHERE name='index_classrooms_on_teacher_id' AND type='index'
            UNION ALL
            SELECT sql
            FROM sqlite_temp_master
            WHERE name='index_classrooms_on_teacher_id' AND type='index'
[0m
  [1m[35m (0.9ms)[0m  [1m[34m            SELECT sql
            FROM sqlite_master
            WHERE name='index_classrooms_on_grade_id' AND type='index'
            UNION ALL
            SELECT sql
            FROM sqlite_temp_master
            WHERE name='index_classrooms_on_grade_id' AND type='index'
[0m
  [1m[35m (1.0ms)[0m  [1m[34m            SELECT sql
            FROM sqlite_master
            WHERE name='index_courses_on_grade_id' AND type='index'
            UNION ALL
            SELECT sql
            FROM sqlite_temp_master
            WHERE name='index_courses_on_grade_id' AND type='index'
[0m
  [1m[35m (0.9ms)[0m  [1m[34m            SELECT sql
            FROM sqlite_master
            WHERE name='index_exams_on_exam_category_id' AND type='index'
            UNION ALL
            SELECT sql
            FROM sqlite_temp_master
            WHERE name='index_exams_on_exam_category_id' AND type='index'
[0m
  [1m[35m (0.9ms)[0m  [1m[34m            SELECT sql
            FROM sqlite_master
            WHERE name='index_parents_on_reset_password_token' AND type='index'
            UNION ALL
            SELECT sql
            FROM sqlite_temp_master
            WHERE name='index_parents_on_reset_password_token' AND type='index'
[0m
  [1m[35m (0.9ms)[0m  [1m[34m            SELECT sql
            FROM sqlite_master
            WHERE name='index_parents_on_email' AND type='index'
            UNION ALL
            SELECT sql
            FROM sqlite_temp_master
            WHERE name='index_parents_on_email' AND type='index'
[0m
  [1m[35m (0.9ms)[0m  [1m[34m            SELECT sql
            FROM sqlite_master
            WHERE name='index_students_on_reset_password_token' AND type='index'
            UNION ALL
            SELECT sql
            FROM sqlite_temp_master
            WHERE name='index_students_on_reset_password_token' AND type='index'
[0m
  [1m[35m (0.9ms)[0m  [1m[34m            SELECT sql
            FROM sqlite_master
            WHERE name='index_students_on_email' AND type='index'
            UNION ALL
            SELECT sql
            FROM sqlite_temp_master
            WHERE name='index_students_on_email' AND type='index'
[0m
  [1m[35m (0.9ms)[0m  [1m[34m            SELECT sql
            FROM sqlite_master
            WHERE name='index_students_on_parent_id' AND type='index'
            UNION ALL
            SELECT sql
            FROM sqlite_temp_master
            WHERE name='index_students_on_parent_id' AND type='index'
[0m
  [1m[35m (0.9ms)[0m  [1m[34m            SELECT sql
            FROM sqlite_master
            WHERE name='index_teachers_on_reset_password_token' AND type='index'
            UNION ALL
            SELECT sql
            FROM sqlite_temp_master
            WHERE name='index_teachers_on_reset_password_token' AND type='index'
[0m
  [1m[35m (0.9ms)[0m  [1m[34m            SELECT sql
            FROM sqlite_master
            WHERE name='index_teachers_on_email' AND type='index'
            UNION ALL
            SELECT sql
            FROM sqlite_temp_master
            WHERE name='index_teachers_on_email' AND type='index'
[0m
  [1m[35m (2.0ms)[0m  [1m[34m            SELECT sql
            FROM sqlite_master
            WHERE name='index_users_on_reset_password_token' AND type='index'
            UNION ALL
            SELECT sql
            FROM sqlite_temp_master
            WHERE name='index_users_on_reset_password_token' AND type='index'
[0m
  [1m[35m (0.9ms)[0m  [1m[34m            SELECT sql
            FROM sqlite_master
            WHERE name='index_users_on_email' AND type='index'
            UNION ALL
            SELECT sql
            FROM sqlite_temp_master
            WHERE name='index_users_on_email' AND type='index'
[0m
Started GET "/" for ::1 at 2022-01-20 09:52:21 +0800
  [1m[35m (1.3ms)[0m  [1m[34mSELECT "schema_migrations"."version" FROM "schema_migrations" ORDER BY "schema_migrations"."version" ASC[0m
Processing by DashboardController#index as HTML
Completed 401 Unauthorized in 107ms (ActiveRecord: 0.0ms)


Started GET "/auth/users/sign_in" for ::1 at 2022-01-20 09:52:23 +0800
Processing by Devise::SessionsController#new as HTML
  Rendering devise/sessions/new.html.erb within layouts/devise
  Rendered devise/shared/_links.html.erb (5.0ms)
  Rendered devise/sessions/new.html.erb within layouts/devise (1130.1ms)
Completed 200 OK in 69119ms (Views: 69022.1ms | ActiveRecord: 7.4ms)


Started GET "/auth/users/sign_up" for ::1 at 2022-01-20 09:54:30 +0800
Processing by Devise::RegistrationsController#new as HTML
  Rendering devise/registrations/new.html.erb within layouts/devise
  Rendered devise/shared/_links.html.erb (4.6ms)
  Rendered devise/registrations/new.html.erb within layouts/devise (81.1ms)
Completed 200 OK in 890ms (Views: 883.7ms | ActiveRecord: 0.0ms)


Started POST "/auth/users" for ::1 at 2022-01-20 09:54:47 +0800
Processing by Devise::RegistrationsController#create as HTML
  Parameters: {"utf8"=>"✓", "authenticity_token"=>"5LDKCi86QybQFFHKjVh1jSjZEA3Qey1+R042i8AOyzO1+uUTnl2RoTeIVF8/SFtwfopvsVTQaN0MV4MIHzQSYw==", "user"=>{"email"=>"adones@gmail.com", "password"=>"[FILTERED]", "password_confirmation"=>"[FILTERED]"}, "commit"=>"Sign up"}
  [1m[35m (0.2ms)[0m  [1m[36mbegin transaction[0m
  [1m[36mUser Exists (1.1ms)[0m  [1m[34mSELECT  1 AS one FROM "users" WHERE "users"."email" = ? LIMIT ?[0m  [["email", "adones@gmail.com"], ["LIMIT", 1]]
  [1m[35mSQL (3.8ms)[0m  [1m[32mINSERT INTO "users" ("email", "encrypted_password", "created_at", "updated_at") VALUES (?, ?, ?, ?)[0m  [["email", "adones@gmail.com"], ["encrypted_password", "$2a$11$OteerE/i3zgKF2MPlEe29eynJnlNfaso9NNZB64zF84Xfqkl6u.8W"], ["created_at", "2022-01-20 01:54:47.686290"], ["updated_at", "2022-01-20 01:54:47.686290"]]
  [1m[35m (169.1ms)[0m  [1m[36mcommit transaction[0m
  [1m[35m (0.2ms)[0m  [1m[36mbegin transaction[0m
  [1m[35mSQL (3.6ms)[0m  [1m[33mUPDATE "users" SET "sign_in_count" = ?, "current_sign_in_at" = ?, "last_sign_in_at" = ?, "current_sign_in_ip" = ?, "last_sign_in_ip" = ?, "updated_at" = ? WHERE "users"."id" = ?[0m  [["sign_in_count", 1], ["current_sign_in_at", "2022-01-20 01:54:47.892260"], ["last_sign_in_at", "2022-01-20 01:54:47.892260"], ["current_sign_in_ip", "::1"], ["last_sign_in_ip", "::1"], ["updated_at", "2022-01-20 01:54:47.896878"], ["id", 1]]
  [1m[35m (156.4ms)[0m  [1m[36mcommit transaction[0m
Redirected to http://localhost:3000/
Completed 302 Found in 937ms (ActiveRecord: 334.3ms)


Started GET "/" for ::1 at 2022-01-20 09:54:48 +0800
Processing by DashboardController#index as HTML
  [1m[36mUser Load (3.0ms)[0m  [1m[34mSELECT  "users".* FROM "users" WHERE "users"."id" = ? ORDER BY "users"."id" ASC LIMIT ?[0m  [["id", 1], ["LIMIT", 1]]
  Rendering dashboard/index.html.haml within layouts/application
  Rendered dashboard/index.html.haml within layouts/application (4.3ms)
  Rendered partials/_sidebar.html.haml (30.1ms)
  Rendered partials/_topnav.html.haml (38.5ms)
Completed 200 OK in 1030ms (Views: 966.8ms | ActiveRecord: 3.0ms)


Started GET "/students" for ::1 at 2022-01-20 09:55:01 +0800
Processing by StudentsController#index as HTML
  [1m[36mUser Load (1.6ms)[0m  [1m[34mSELECT  "users".* FROM "users" WHERE "users"."id" = ? ORDER BY "users"."id" ASC LIMIT ?[0m  [["id", 1], ["LIMIT", 1]]
  Rendering students/index.html.haml within layouts/application
  [1m[36mStudent Load (1.3ms)[0m  [1m[34mSELECT "students".* FROM "students"[0m
  Rendered students/index.html.haml within layouts/application (35.3ms)
  Rendered partials/_sidebar.html.haml (28.2ms)
  Rendered partials/_topnav.html.haml (35.6ms)
Completed 200 OK in 1033ms (Views: 924.0ms | ActiveRecord: 5.0ms)


Started GET "/parents" for ::1 at 2022-01-20 09:55:05 +0800
Processing by ParentsController#index as HTML
  [1m[36mUser Load (1.5ms)[0m  [1m[34mSELECT  "users".* FROM "users" WHERE "users"."id" = ? ORDER BY "users"."id" ASC LIMIT ?[0m  [["id", 1], ["LIMIT", 1]]
  Rendering parents/index.html.haml within layouts/application
  [1m[36mParent Load (1.5ms)[0m  [1m[34mSELECT "parents".* FROM "parents"[0m
  Rendered parents/index.html.haml within layouts/application (32.9ms)
  Rendered partials/_sidebar.html.haml (48.8ms)
  Rendered partials/_topnav.html.haml (47.2ms)
Completed 200 OK in 1019ms (Views: 924.7ms | ActiveRecord: 5.2ms)


Started GET "/courses" for ::1 at 2022-01-20 09:55:08 +0800
Processing by CoursesController#index as HTML
  [1m[36mUser Load (2.6ms)[0m  [1m[34mSELECT  "users".* FROM "users" WHERE "users"."id" = ? ORDER BY "users"."id" ASC LIMIT ?[0m  [["id", 1], ["LIMIT", 1]]
  Rendering courses/index.html.haml within layouts/application
  [1m[36mCourse Load (1.0ms)[0m  [1m[34mSELECT "courses".* FROM "courses"[0m
  Rendered courses/index.html.haml within layouts/application (49.1ms)
  Rendered partials/_sidebar.html.haml (28.8ms)
  Rendered partials/_topnav.html.haml (37.1ms)
Completed 200 OK in 949ms (Views: 835.3ms | ActiveRecord: 5.5ms)


Started GET "/classrooms" for ::1 at 2022-01-20 09:55:12 +0800
Processing by ClassroomsController#index as HTML
  [1m[36mUser Load (1.2ms)[0m  [1m[34mSELECT  "users".* FROM "users" WHERE "users"."id" = ? ORDER BY "users"."id" ASC LIMIT ?[0m  [["id", 1], ["LIMIT", 1]]
  Rendering classrooms/index.html.haml within layouts/application
  [1m[36mClassroom Load (5.3ms)[0m  [1m[34mSELECT "classrooms".* FROM "classrooms"[0m
  Rendered classrooms/index.html.haml within layouts/application (42.6ms)
  Rendered partials/_sidebar.html.haml (30.6ms)
  Rendered partials/_topnav.html.haml (40.3ms)
Completed 200 OK in 1085ms (Views: 878.1ms | ActiveRecord: 8.8ms)


Started GET "/classrooms/new" for ::1 at 2022-01-20 09:56:22 +0800
Processing by ClassroomsController#new as HTML
  [1m[36mUser Load (1.1ms)[0m  [1m[34mSELECT  "users".* FROM "users" WHERE "users"."id" = ? ORDER BY "users"."id" ASC LIMIT ?[0m  [["id", 1], ["LIMIT", 1]]
  Rendering classrooms/new.html.haml within layouts/application
  [1m[36mTeacher Load (1.2ms)[0m  [1m[34mSELECT "teachers".* FROM "teachers"[0m
  [1m[36mGrade Load (3.5ms)[0m  [1m[34mSELECT "grades".* FROM "grades"[0m
  Rendered classrooms/_form.html.haml (156.8ms)
  Rendered classrooms/new.html.haml within layouts/application (215.4ms)
  Rendered partials/_sidebar.html.haml (24.7ms)
  Rendered partials/_topnav.html.haml (43.2ms)
Completed 200 OK in 1165ms (Views: 1046.8ms | ActiveRecord: 13.8ms)


Started GET "/classrooms/dashboard.html" for ::1 at 2022-01-20 09:56:33 +0800
Processing by ClassroomsController#show as HTML
  Parameters: {"id"=>"dashboard"}
  [1m[36mUser Load (1.4ms)[0m  [1m[34mSELECT  "users".* FROM "users" WHERE "users"."id" = ? ORDER BY "users"."id" ASC LIMIT ?[0m  [["id", 1], ["LIMIT", 1]]
  [1m[36mClassroom Load (1.1ms)[0m  [1m[34mSELECT  "classrooms".* FROM "classrooms" WHERE "classrooms"."id" = ? LIMIT ?[0m  [["id", 0], ["LIMIT", 1]]
Completed 404 Not Found in 66ms (ActiveRecord: 2.4ms)


  
ActiveRecord::RecordNotFound (Couldn't find Classroom with 'id'=dashboard):
  
app/controllers/classrooms_controller.rb:67:in `set_classroom'
Started GET "/classrooms/dashboard.html" for ::1 at 2022-01-20 09:56:44 +0800
Processing by ClassroomsController#show as HTML
  Parameters: {"id"=>"dashboard"}
  [1m[36mUser Load (1.2ms)[0m  [1m[34mSELECT  "users".* FROM "users" WHERE "users"."id" = ? ORDER BY "users"."id" ASC LIMIT ?[0m  [["id", 1], ["LIMIT", 1]]
  [1m[36mClassroom Load (0.8ms)[0m  [1m[34mSELECT  "classrooms".* FROM "classrooms" WHERE "classrooms"."id" = ? LIMIT ?[0m  [["id", 0], ["LIMIT", 1]]
Completed 404 Not Found in 24ms (ActiveRecord: 2.0ms)


  
ActiveRecord::RecordNotFound (Couldn't find Classroom with 'id'=dashboard):
  
app/controllers/classrooms_controller.rb:67:in `set_classroom'
Started GET "/users/1" for ::1 at 2022-01-20 09:56:59 +0800
Processing by UsersController#show as HTML
  Parameters: {"id"=>"1"}
  [1m[36mUser Load (1.2ms)[0m  [1m[34mSELECT  "users".* FROM "users" WHERE "users"."id" = ? ORDER BY "users"."id" ASC LIMIT ?[0m  [["id", 1], ["LIMIT", 1]]
  [1m[36mUser Load (1.2ms)[0m  [1m[34mSELECT  "users".* FROM "users" WHERE "users"."id" = ? LIMIT ?[0m  [["id", 1], ["LIMIT", 1]]
  Rendering users/show.html.haml within layouts/application
  Rendered users/show.html.haml within layouts/application (14.9ms)
  Rendered partials/_sidebar.html.haml (31.3ms)
  Rendered partials/_topnav.html.haml (42.5ms)
Completed 200 OK in 1044ms (Views: 978.5ms | ActiveRecord: 2.4ms)


Started GET "/students" for ::1 at 2022-01-20 09:57:04 +0800
Processing by StudentsController#index as HTML
  [1m[36mUser Load (1.3ms)[0m  [1m[34mSELECT  "users".* FROM "users" WHERE "users"."id" = ? ORDER BY "users"."id" ASC LIMIT ?[0m  [["id", 1], ["LIMIT", 1]]
  Rendering students/index.html.haml within layouts/application
  [1m[36mStudent Load (1.2ms)[0m  [1m[34mSELECT "students".* FROM "students"[0m
  Rendered students/index.html.haml within layouts/application (28.1ms)
  Rendered partials/_sidebar.html.haml (46.3ms)
  Rendered partials/_topnav.html.haml (43.3ms)
Completed 200 OK in 943ms (Views: 915.6ms | ActiveRecord: 2.5ms)


Started GET "/students/new" for ::1 at 2022-01-20 09:57:09 +0800
Processing by StudentsController#new as HTML
  [1m[36mUser Load (1.3ms)[0m  [1m[34mSELECT  "users".* FROM "users" WHERE "users"."id" = ? ORDER BY "users"."id" ASC LIMIT ?[0m  [["id", 1], ["LIMIT", 1]]
  Rendering students/new.html.haml within layouts/application
  [1m[36mParent Load (1.2ms)[0m  [1m[34mSELECT "parents".* FROM "parents"[0m
  Rendered students/_form.html.haml (296.2ms)
  Rendered students/new.html.haml within layouts/application (371.1ms)
  Rendered partials/_sidebar.html.haml (38.9ms)
  Rendered partials/_topnav.html.haml (74.7ms)
Completed 200 OK in 1440ms (Views: 1253.7ms | ActiveRecord: 15.2ms)


Started GET "/students" for ::1 at 2022-01-20 09:57:28 +0800
Processing by StudentsController#index as HTML
  [1m[36mUser Load (1.5ms)[0m  [1m[34mSELECT  "users".* FROM "users" WHERE "users"."id" = ? ORDER BY "users"."id" ASC LIMIT ?[0m  [["id", 1], ["LIMIT", 1]]
  Rendering students/index.html.haml within layouts/application
  [1m[36mStudent Load (1.1ms)[0m  [1m[34mSELECT "students".* FROM "students"[0m
  Rendered students/index.html.haml within layouts/application (75.4ms)
  Rendered partials/_sidebar.html.haml (30.0ms)
  Rendered partials/_topnav.html.haml (42.8ms)
Completed 200 OK in 1278ms (Views: 1238.1ms | ActiveRecord: 2.6ms)


Started GET "/parents" for ::1 at 2022-01-20 09:57:32 +0800
Processing by ParentsController#index as HTML
  [1m[36mUser Load (1.1ms)[0m  [1m[34mSELECT  "users".* FROM "users" WHERE "users"."id" = ? ORDER BY "users"."id" ASC LIMIT ?[0m  [["id", 1], ["LIMIT", 1]]
  Rendering parents/index.html.haml within layouts/application
  [1m[36mParent Load (1.2ms)[0m  [1m[34mSELECT "parents".* FROM "parents"[0m
  Rendered parents/index.html.haml within layouts/application (58.3ms)
  Rendered partials/_sidebar.html.haml (32.5ms)
  Rendered partials/_topnav.html.haml (37.0ms)
Completed 200 OK in 850ms (Views: 810.9ms | ActiveRecord: 2.4ms)


Started GET "/parents/new" for ::1 at 2022-01-20 09:57:36 +0800
Processing by ParentsController#new as HTML
  [1m[36mUser Load (1.2ms)[0m  [1m[34mSELECT  "users".* FROM "users" WHERE "users"."id" = ? ORDER BY "users"."id" ASC LIMIT ?[0m  [["id", 1], ["LIMIT", 1]]
  Rendering parents/new.html.haml within layouts/application
  Rendered parents/_form.html.haml (186.6ms)
  Rendered parents/new.html.haml within layouts/application (311.9ms)
  Rendered partials/_sidebar.html.haml (35.6ms)
  Rendered partials/_topnav.html.haml (36.0ms)
Completed 200 OK in 1229ms (Views: 1081.8ms | ActiveRecord: 8.3ms)


Started POST "/parents" for ::1 at 2022-01-20 09:58:38 +0800
Processing by ParentsController#create as HTML
  Parameters: {"utf8"=>"✓", "authenticity_token"=>"NIZN5F0+5rLf2+u+6tgYo4e/AFyZ9ODJEsRzloq2aSBlzGL97Fk0NThH7itYyDZe0ex/4B1fpWpZ3cYVVYywcA==", "parent"=>{"image"=>#<ActionDispatch::Http::UploadedFile:0x000002b25b299d38 @tempfile=#<Tempfile:C:/Users/Adones/AppData/Local/Temp/RackMultipart20220120-9212-uuewmd.jpg>, @original_filename="chmscbinalbagn.jpg", @content_type="image/jpeg", @headers="Content-Disposition: form-data; name=\"parent[image]\"; filename=\"chmscbinalbagn.jpg\"\r\nContent-Type: image/jpeg\r\n">, "image_cache"=>"", "name"=>"rosa", "email"=>"ros@gmail.com", "password"=>"[FILTERED]", "dob(1i)"=>"2022", "dob(2i)"=>"1", "dob(3i)"=>"20", "phone"=>"09120118874", "gender"=>"Male", "address"=>"tan-awan", "lat"=>"11.57", "long"=>"104.9"}, "commit"=>"Create Parent"}
  [1m[36mUser Load (1.3ms)[0m  [1m[34mSELECT  "users".* FROM "users" WHERE "users"."id" = ? ORDER BY "users"."id" ASC LIMIT ?[0m  [["id", 1], ["LIMIT", 1]]
  [1m[35m (0.2ms)[0m  [1m[36mbegin transaction[0m
  [1m[36mParent Exists (1.4ms)[0m  [1m[34mSELECT  1 AS one FROM "parents" WHERE "parents"."email" = ? LIMIT ?[0m  [["email", "ros@gmail.com"], ["LIMIT", 1]]
  [1m[35mSQL (11.1ms)[0m  [1m[32mINSERT INTO "parents" ("email", "encrypted_password", "name", "dob", "phone", "address", "lat", "long", "created_at", "updated_at", "gender", "image") VALUES (?, ?, ?, ?, ?, ?, ?, ?, ?, ?, ?, ?)[0m  [["email", "ros@gmail.com"], ["encrypted_password", "$2a$11$r/hE8Ks1ARtJhcWB5Q1KMOyf2EJyCeRetJQrQBOBziZV6RaZKnnx."], ["name", "rosa"], ["dob", "2022-01-20"], ["phone", "09120118874"], ["address", "tan-awan"], ["lat", 11.57], ["long", 104.9], ["created_at", "2022-01-20 01:58:38.701500"], ["updated_at", "2022-01-20 01:58:38.701500"], ["gender", "Male"], ["image", "chmscbinalbagn.jpg"]]
  [1m[35m (162.7ms)[0m  [1m[36mcommit transaction[0m
Redirected to http://localhost:3000/parents/1
Completed 302 Found in 678ms (ActiveRecord: 176.6ms)


Started GET "/parents/1" for ::1 at 2022-01-20 09:58:39 +0800
Processing by ParentsController#show as HTML
  Parameters: {"id"=>"1"}
  [1m[36mUser Load (1.2ms)[0m  [1m[34mSELECT  "users".* FROM "users" WHERE "users"."id" = ? ORDER BY "users"."id" ASC LIMIT ?[0m  [["id", 1], ["LIMIT", 1]]
  [1m[36mParent Load (2.9ms)[0m  [1m[34mSELECT  "parents".* FROM "parents" WHERE "parents"."id" = ? LIMIT ?[0m  [["id", 1], ["LIMIT", 1]]
  Rendering parents/show.html.haml within layouts/application
  Rendered parents/show.html.haml within layouts/application (48.6ms)
  Rendered partials/_sidebar.html.haml (28.9ms)
  Rendered partials/_topnav.html.haml (37.2ms)
Completed 200 OK in 1021ms (Views: 819.2ms | ActiveRecord: 4.1ms)


Started GET "/courses" for ::1 at 2022-01-20 09:58:45 +0800
Processing by CoursesController#index as HTML
  [1m[36mUser Load (2.3ms)[0m  [1m[34mSELECT  "users".* FROM "users" WHERE "users"."id" = ? ORDER BY "users"."id" ASC LIMIT ?[0m  [["id", 1], ["LIMIT", 1]]
  Rendering courses/index.html.haml within layouts/application
  [1m[36mCourse Load (2.6ms)[0m  [1m[34mSELECT "courses".* FROM "courses"[0m
  Rendered courses/index.html.haml within layouts/application (41.3ms)
  Rendered partials/_sidebar.html.haml (44.7ms)
  Rendered partials/_topnav.html.haml (49.6ms)
Completed 200 OK in 1108ms (Views: 1062.0ms | ActiveRecord: 4.9ms)


Started GET "/students" for ::1 at 2022-01-20 09:58:49 +0800
Processing by StudentsController#index as HTML
  [1m[36mUser Load (4.3ms)[0m  [1m[34mSELECT  "users".* FROM "users" WHERE "users"."id" = ? ORDER BY "users"."id" ASC LIMIT ?[0m  [["id", 1], ["LIMIT", 1]]
  Rendering students/index.html.haml within layouts/application
  [1m[36mStudent Load (1.2ms)[0m  [1m[34mSELECT "students".* FROM "students"[0m
  Rendered students/index.html.haml within layouts/application (55.6ms)
  Rendered partials/_sidebar.html.haml (35.2ms)
  Rendered partials/_topnav.html.haml (55.3ms)
Completed 200 OK in 1207ms (Views: 1174.4ms | ActiveRecord: 5.5ms)


Started GET "/students" for ::1 at 2022-01-20 09:58:55 +0800
Processing by StudentsController#index as HTML
  [1m[36mUser Load (1.2ms)[0m  [1m[34mSELECT  "users".* FROM "users" WHERE "users"."id" = ? ORDER BY "users"."id" ASC LIMIT ?[0m  [["id", 1], ["LIMIT", 1]]
  Rendering students/index.html.haml within layouts/application
  [1m[36mStudent Load (1.2ms)[0m  [1m[34mSELECT "students".* FROM "students"[0m
  Rendered students/index.html.haml within layouts/application (22.7ms)
  Rendered partials/_sidebar.html.haml (54.8ms)
  Rendered partials/_topnav.html.haml (36.8ms)
Completed 200 OK in 842ms (Views: 816.8ms | ActiveRecord: 2.3ms)


Started GET "/students/new" for ::1 at 2022-01-20 09:59:08 +0800
Processing by StudentsController#new as HTML
  [1m[36mUser Load (1.4ms)[0m  [1m[34mSELECT  "users".* FROM "users" WHERE "users"."id" = ? ORDER BY "users"."id" ASC LIMIT ?[0m  [["id", 1], ["LIMIT", 1]]
  Rendering students/new.html.haml within layouts/application
  [1m[36mParent Load (1.6ms)[0m  [1m[34mSELECT "parents".* FROM "parents"[0m
  Rendered students/_form.html.haml (140.9ms)
  Rendered students/new.html.haml within layouts/application (171.7ms)
  Rendered partials/_sidebar.html.haml (52.7ms)
  Rendered partials/_topnav.html.haml (44.0ms)
Completed 200 OK in 1056ms (Views: 1033.5ms | ActiveRecord: 3.0ms)


Started GET "/parents" for ::1 at 2022-01-20 09:59:24 +0800
Processing by ParentsController#index as HTML
  [1m[36mUser Load (1.5ms)[0m  [1m[34mSELECT  "users".* FROM "users" WHERE "users"."id" = ? ORDER BY "users"."id" ASC LIMIT ?[0m  [["id", 1], ["LIMIT", 1]]
  Rendering parents/index.html.haml within layouts/application
  [1m[36mParent Load (4.9ms)[0m  [1m[34mSELECT "parents".* FROM "parents"[0m
  Rendered parents/index.html.haml within layouts/application (28.6ms)
  Rendered partials/_sidebar.html.haml (24.3ms)
  Rendered partials/_topnav.html.haml (37.9ms)
Completed 200 OK in 938ms (Views: 892.0ms | ActiveRecord: 6.4ms)


Started GET "/students" for ::1 at 2022-01-20 09:59:31 +0800
Processing by StudentsController#index as HTML
  [1m[36mUser Load (8.7ms)[0m  [1m[34mSELECT  "users".* FROM "users" WHERE "users"."id" = ? ORDER BY "users"."id" ASC LIMIT ?[0m  [["id", 1], ["LIMIT", 1]]
  Rendering students/index.html.haml within layouts/application
  [1m[36mStudent Load (1.3ms)[0m  [1m[34mSELECT "students".* FROM "students"[0m
  Rendered students/index.html.haml within layouts/application (24.0ms)
  Rendered partials/_sidebar.html.haml (38.5ms)
  Rendered partials/_topnav.html.haml (45.9ms)
Completed 200 OK in 1234ms (Views: 1143.9ms | ActiveRecord: 10.0ms)


Started GET "/students/new" for ::1 at 2022-01-20 09:59:34 +0800
Processing by StudentsController#new as HTML
  [1m[36mUser Load (1.2ms)[0m  [1m[34mSELECT  "users".* FROM "users" WHERE "users"."id" = ? ORDER BY "users"."id" ASC LIMIT ?[0m  [["id", 1], ["LIMIT", 1]]
  Rendering students/new.html.haml within layouts/application
  [1m[36mParent Load (1.3ms)[0m  [1m[34mSELECT "parents".* FROM "parents"[0m
  Rendered students/_form.html.haml (206.7ms)
  Rendered students/new.html.haml within layouts/application (239.8ms)
  Rendered partials/_sidebar.html.haml (35.3ms)
  Rendered partials/_topnav.html.haml (46.3ms)
Completed 200 OK in 1329ms (Views: 1296.9ms | ActiveRecord: 2.5ms)


Started POST "/students" for ::1 at 2022-01-20 10:00:18 +0800
Processing by StudentsController#create as HTML
  Parameters: {"utf8"=>"✓", "authenticity_token"=>"elXDXF2hyk95u09/IuHZeNSqNPPCvz6fiKHCS/utKDIrH+xF7MYYyJ4nSuqQ8feFgvlLT0YUezzDuHfIJJfxYg==", "student"=>{"image_cache"=>"", "name"=>"adones", "parent_id"=>"1", "email"=>"ado@gmail.com", "password"=>"[FILTERED]", "dob(1i)"=>"2017", "dob(2i)"=>"4", "dob(3i)"=>"15", "phone"=>"09123456789", "gender"=>"Male", "address"=>"Brgy.Tan-awan", "lat"=>"11.57", "long"=>"104.9"}, "commit"=>"Create Student"}
  [1m[36mUser Load (1.2ms)[0m  [1m[34mSELECT  "users".* FROM "users" WHERE "users"."id" = ? ORDER BY "users"."id" ASC LIMIT ?[0m  [["id", 1], ["LIMIT", 1]]
  [1m[35m (0.2ms)[0m  [1m[36mbegin transaction[0m
  [1m[36mParent Load (0.9ms)[0m  [1m[34mSELECT  "parents".* FROM "parents" WHERE "parents"."id" = ? LIMIT ?[0m  [["id", 1], ["LIMIT", 1]]
  [1m[36mStudent Exists (0.5ms)[0m  [1m[34mSELECT  1 AS one FROM "students" WHERE "students"."email" = ? LIMIT ?[0m  [["email", "ado@gmail.com"], ["LIMIT", 1]]
  [1m[35mSQL (4.9ms)[0m  [1m[32mINSERT INTO "students" ("email", "encrypted_password", "name", "dob", "phone", "address", "lat", "long", "parent_id", "created_at", "updated_at", "gender") VALUES (?, ?, ?, ?, ?, ?, ?, ?, ?, ?, ?, ?)[0m  [["email", "ado@gmail.com"], ["encrypted_password", "$2a$11$teepbytL/OT5uoFPYQPQuenjGbAObg7ygzy6B0XKfG4QfitPxIDfy"], ["name", "adones"], ["dob", "2017-04-15"], ["phone", "09123456789"], ["address", "Brgy.Tan-awan"], ["lat", 11.57], ["long", 104.9], ["parent_id", 1], ["created_at", "2022-01-20 02:00:19.303416"], ["updated_at", "2022-01-20 02:00:19.303416"], ["gender", "Male"]]
  [1m[35m (168.8ms)[0m  [1m[36mcommit transaction[0m
Redirected to http://localhost:3000/students/1
Completed 302 Found in 631ms (ActiveRecord: 176.4ms)


Started GET "/students/1" for ::1 at 2022-01-20 10:00:19 +0800
Processing by StudentsController#show as HTML
  Parameters: {"id"=>"1"}
  [1m[36mUser Load (1.2ms)[0m  [1m[34mSELECT  "users".* FROM "users" WHERE "users"."id" = ? ORDER BY "users"."id" ASC LIMIT ?[0m  [["id", 1], ["LIMIT", 1]]
  [1m[36mStudent Load (4.6ms)[0m  [1m[34mSELECT  "students".* FROM "students" WHERE "students"."id" = ? LIMIT ?[0m  [["id", 1], ["LIMIT", 1]]
  Rendering students/show.html.haml within layouts/application
  [1m[36mParent Load (0.9ms)[0m  [1m[34mSELECT  "parents".* FROM "parents" WHERE "parents"."id" = ? LIMIT ?[0m  [["id", 1], ["LIMIT", 1]]
  Rendered students/show.html.haml within layouts/application (52.7ms)
  Rendered partials/_sidebar.html.haml (46.3ms)
  Rendered partials/_topnav.html.haml (66.0ms)
Completed 200 OK in 942ms (Views: 874.1ms | ActiveRecord: 6.7ms)


Started GET "/students" for ::1 at 2022-01-20 10:00:35 +0800
Processing by StudentsController#index as HTML
  [1m[36mUser Load (1.8ms)[0m  [1m[34mSELECT  "users".* FROM "users" WHERE "users"."id" = ? ORDER BY "users"."id" ASC LIMIT ?[0m  [["id", 1], ["LIMIT", 1]]
  Rendering students/index.html.haml within layouts/application
  [1m[36mStudent Load (1.2ms)[0m  [1m[34mSELECT "students".* FROM "students"[0m
  Rendered students/index.html.haml within layouts/application (33.2ms)
  Rendered partials/_sidebar.html.haml (26.2ms)
  Rendered partials/_topnav.html.haml (36.3ms)
Completed 200 OK in 962ms (Views: 914.0ms | ActiveRecord: 3.0ms)


Started GET "/grades" for ::1 at 2022-01-20 11:33:41 +0800
Processing by GradesController#index as HTML
  [1m[36mUser Load (3.4ms)[0m  [1m[34mSELECT  "users".* FROM "users" WHERE "users"."id" = ? ORDER BY "users"."id" ASC LIMIT ?[0m  [["id", 1], ["LIMIT", 1]]
  Rendering grades/index.html.haml within layouts/application
  [1m[36mGrade Load (1.2ms)[0m  [1m[34mSELECT "grades".* FROM "grades"[0m
  Rendered grades/index.html.haml within layouts/application (56.2ms)
  Rendered partials/_sidebar.html.haml (117.9ms)
  Rendered partials/_topnav.html.haml (48.0ms)
Completed 200 OK in 1977ms (Views: 1748.4ms | ActiveRecord: 4.6ms)


Started GET "/grades/new" for ::1 at 2022-01-20 11:33:46 +0800
Processing by GradesController#new as HTML
  [1m[36mUser Load (2.8ms)[0m  [1m[34mSELECT  "users".* FROM "users" WHERE "users"."id" = ? ORDER BY "users"."id" ASC LIMIT ?[0m  [["id", 1], ["LIMIT", 1]]
  Rendering grades/new.html.haml within layouts/application
  Rendered grades/_form.html.haml (106.3ms)
  Rendered grades/new.html.haml within layouts/application (233.9ms)
  Rendered partials/_sidebar.html.haml (96.2ms)
  Rendered partials/_topnav.html.haml (46.3ms)
Completed 200 OK in 1471ms (Views: 1327.9ms | ActiveRecord: 7.3ms)


Started GET "/users/1" for ::1 at 2022-01-20 11:36:12 +0800
Processing by UsersController#show as HTML
  Parameters: {"id"=>"1"}
  [1m[36mUser Load (3.0ms)[0m  [1m[34mSELECT  "users".* FROM "users" WHERE "users"."id" = ? ORDER BY "users"."id" ASC LIMIT ?[0m  [["id", 1], ["LIMIT", 1]]
  [1m[36mUser Load (3.3ms)[0m  [1m[34mSELECT  "users".* FROM "users" WHERE "users"."id" = ? LIMIT ?[0m  [["id", 1], ["LIMIT", 1]]
  Rendering users/show.html.haml within layouts/application
  Rendered users/show.html.haml within layouts/application (6.4ms)
  Rendered partials/_sidebar.html.haml (30.3ms)
  Rendered partials/_topnav.html.haml (40.8ms)
Completed 200 OK in 1052ms (Views: 969.8ms | ActiveRecord: 6.3ms)


Started GET "/users/1" for ::1 at 2022-01-20 11:36:22 +0800
Processing by UsersController#show as HTML
  Parameters: {"id"=>"1"}
  [1m[36mUser Load (1.3ms)[0m  [1m[34mSELECT  "users".* FROM "users" WHERE "users"."id" = ? ORDER BY "users"."id" ASC LIMIT ?[0m  [["id", 1], ["LIMIT", 1]]
  [1m[36mUser Load (0.9ms)[0m  [1m[34mSELECT  "users".* FROM "users" WHERE "users"."id" = ? LIMIT ?[0m  [["id", 1], ["LIMIT", 1]]
  Rendering users/show.html.haml within layouts/application
  Rendered users/show.html.haml within layouts/application (12.7ms)
  Rendered partials/_sidebar.html.haml (45.1ms)
  Rendered partials/_topnav.html.haml (54.8ms)
Completed 200 OK in 986ms (Views: 936.5ms | ActiveRecord: 2.1ms)


  [1m[35m (1.3ms)[0m  [1m[34mSELECT "schema_migrations"."version" FROM "schema_migrations" ORDER BY "schema_migrations"."version" ASC[0m
  [1m[36mActiveRecord::InternalMetadata Load (17.7ms)[0m  [1m[34mSELECT  "ar_internal_metadata".* FROM "ar_internal_metadata" WHERE "ar_internal_metadata"."key" = ? LIMIT ?[0m  [["key", "environment"], ["LIMIT", 1]]
  [1m[35m (0.2ms)[0m  [1m[36mbegin transaction[0m
  [1m[35m (0.1ms)[0m  [1m[36mcommit transaction[0m
  [1m[35m (0.9ms)[0m  [1m[34mSELECT "schema_migrations"."version" FROM "schema_migrations" ORDER BY "schema_migrations"."version" ASC[0m
  [1m[35m (1.1ms)[0m  [1m[34m            SELECT sql
            FROM sqlite_master
            WHERE name='index_attendances_on_student_id' AND type='index'
            UNION ALL
            SELECT sql
            FROM sqlite_temp_master
            WHERE name='index_attendances_on_student_id' AND type='index'
[0m
  [1m[35m (0.9ms)[0m  [1m[34m            SELECT sql
            FROM sqlite_master
            WHERE name='index_classrooms_on_teacher_id' AND type='index'
            UNION ALL
            SELECT sql
            FROM sqlite_temp_master
            WHERE name='index_classrooms_on_teacher_id' AND type='index'
[0m
  [1m[35m (1.1ms)[0m  [1m[34m            SELECT sql
            FROM sqlite_master
            WHERE name='index_classrooms_on_grade_id' AND type='index'
            UNION ALL
            SELECT sql
            FROM sqlite_temp_master
            WHERE name='index_classrooms_on_grade_id' AND type='index'
[0m
  [1m[35m (0.9ms)[0m  [1m[34m            SELECT sql
            FROM sqlite_master
            WHERE name='index_courses_on_grade_id' AND type='index'
            UNION ALL
            SELECT sql
            FROM sqlite_temp_master
            WHERE name='index_courses_on_grade_id' AND type='index'
[0m
  [1m[35m (0.9ms)[0m  [1m[34m            SELECT sql
            FROM sqlite_master
            WHERE name='index_exams_on_exam_category_id' AND type='index'
            UNION ALL
            SELECT sql
            FROM sqlite_temp_master
            WHERE name='index_exams_on_exam_category_id' AND type='index'
[0m
  [1m[35m (0.9ms)[0m  [1m[34m            SELECT sql
            FROM sqlite_master
            WHERE name='index_parents_on_reset_password_token' AND type='index'
            UNION ALL
            SELECT sql
            FROM sqlite_temp_master
            WHERE name='index_parents_on_reset_password_token' AND type='index'
[0m
  [1m[35m (0.9ms)[0m  [1m[34m            SELECT sql
            FROM sqlite_master
            WHERE name='index_parents_on_email' AND type='index'
            UNION ALL
            SELECT sql
            FROM sqlite_temp_master
            WHERE name='index_parents_on_email' AND type='index'
[0m
  [1m[35m (0.9ms)[0m  [1m[34m            SELECT sql
            FROM sqlite_master
            WHERE name='index_students_on_reset_password_token' AND type='index'
            UNION ALL
            SELECT sql
            FROM sqlite_temp_master
            WHERE name='index_students_on_reset_password_token' AND type='index'
[0m
  [1m[35m (0.9ms)[0m  [1m[34m            SELECT sql
            FROM sqlite_master
            WHERE name='index_students_on_email' AND type='index'
            UNION ALL
            SELECT sql
            FROM sqlite_temp_master
            WHERE name='index_students_on_email' AND type='index'
[0m
  [1m[35m (0.9ms)[0m  [1m[34m            SELECT sql
            FROM sqlite_master
            WHERE name='index_students_on_parent_id' AND type='index'
            UNION ALL
            SELECT sql
            FROM sqlite_temp_master
            WHERE name='index_students_on_parent_id' AND type='index'
[0m
  [1m[35m (1.2ms)[0m  [1m[34m            SELECT sql
            FROM sqlite_master
            WHERE name='index_teachers_on_reset_password_token' AND type='index'
            UNION ALL
            SELECT sql
            FROM sqlite_temp_master
            WHERE name='index_teachers_on_reset_password_token' AND type='index'
[0m
  [1m[35m (0.9ms)[0m  [1m[34m            SELECT sql
            FROM sqlite_master
            WHERE name='index_teachers_on_email' AND type='index'
            UNION ALL
            SELECT sql
            FROM sqlite_temp_master
            WHERE name='index_teachers_on_email' AND type='index'
[0m
  [1m[35m (0.9ms)[0m  [1m[34m            SELECT sql
            FROM sqlite_master
            WHERE name='index_users_on_reset_password_token' AND type='index'
            UNION ALL
            SELECT sql
            FROM sqlite_temp_master
            WHERE name='index_users_on_reset_password_token' AND type='index'
[0m
  [1m[35m (1.0ms)[0m  [1m[34m            SELECT sql
            FROM sqlite_master
            WHERE name='index_users_on_email' AND type='index'
            UNION ALL
            SELECT sql
            FROM sqlite_temp_master
            WHERE name='index_users_on_email' AND type='index'
[0m
Started GET "/users/1" for ::1 at 2022-01-20 12:52:14 +0800
  [1m[35m (1.2ms)[0m  [1m[34mSELECT "schema_migrations"."version" FROM "schema_migrations" ORDER BY "schema_migrations"."version" ASC[0m
Processing by UsersController#show as HTML
  Parameters: {"id"=>"1"}
  [1m[36mUser Load (1.2ms)[0m  [1m[34mSELECT  "users".* FROM "users" WHERE "users"."id" = ? ORDER BY "users"."id" ASC LIMIT ?[0m  [["id", 1], ["LIMIT", 1]]
  [1m[36mUser Load (1.1ms)[0m  [1m[34mSELECT  "users".* FROM "users" WHERE "users"."id" = ? LIMIT ?[0m  [["id", 1], ["LIMIT", 1]]
  Rendering users/show.html.haml within layouts/application
  Rendered users/show.html.haml within layouts/application (74.4ms)
  Rendered partials/_sidebar.html.haml (36.3ms)
  Rendered partials/_topnav.html.haml (51.0ms)
Completed 200 OK in 8832ms (Views: 8545.4ms | ActiveRecord: 7.3ms)


Started GET "/users/1" for ::1 at 2022-01-20 12:53:55 +0800
Processing by UsersController#show as HTML
  Parameters: {"id"=>"1"}
  [1m[36mUser Load (31.1ms)[0m  [1m[34mSELECT  "users".* FROM "users" WHERE "users"."id" = ? ORDER BY "users"."id" ASC LIMIT ?[0m  [["id", 1], ["LIMIT", 1]]
  [1m[36mUser Load (1.6ms)[0m  [1m[34mSELECT  "users".* FROM "users" WHERE "users"."id" = ? LIMIT ?[0m  [["id", 1], ["LIMIT", 1]]
  Rendering users/show.html.haml within layouts/application
  Rendered users/show.html.haml within layouts/application (11.8ms)
  Rendered partials/_sidebar.html.haml (31.2ms)
  Rendered partials/_topnav.html.haml (34.9ms)
Completed 200 OK in 1096ms (Views: 838.1ms | ActiveRecord: 32.7ms)


Started GET "/users/1" for ::1 at 2022-01-20 12:54:02 +0800
Processing by UsersController#show as HTML
  Parameters: {"id"=>"1"}
  [1m[36mUser Load (1.3ms)[0m  [1m[34mSELECT  "users".* FROM "users" WHERE "users"."id" = ? ORDER BY "users"."id" ASC LIMIT ?[0m  [["id", 1], ["LIMIT", 1]]
  [1m[36mUser Load (0.8ms)[0m  [1m[34mSELECT  "users".* FROM "users" WHERE "users"."id" = ? LIMIT ?[0m  [["id", 1], ["LIMIT", 1]]
  Rendering users/show.html.haml within layouts/application
  Rendered users/show.html.haml within layouts/application (5.6ms)
  Rendered partials/_sidebar.html.haml (47.2ms)
  Rendered partials/_topnav.html.haml (58.2ms)
Completed 200 OK in 972ms (Views: 904.7ms | ActiveRecord: 2.2ms)


Started GET "/users/1" for ::1 at 2022-01-20 12:54:28 +0800
Processing by UsersController#show as HTML
  Parameters: {"id"=>"1"}
  [1m[36mUser Load (1.5ms)[0m  [1m[34mSELECT  "users".* FROM "users" WHERE "users"."id" = ? ORDER BY "users"."id" ASC LIMIT ?[0m  [["id", 1], ["LIMIT", 1]]
  [1m[36mUser Load (3.1ms)[0m  [1m[34mSELECT  "users".* FROM "users" WHERE "users"."id" = ? LIMIT ?[0m  [["id", 1], ["LIMIT", 1]]
  Rendering users/show.html.haml within layouts/application
  Rendered users/show.html.haml within layouts/application (10.6ms)
  Rendered partials/_sidebar.html.haml (34.7ms)
  Rendered partials/_topnav.html.haml (45.2ms)
Completed 200 OK in 879ms (Views: 789.0ms | ActiveRecord: 4.6ms)


Started GET "/users/1" for ::1 at 2022-01-20 12:55:03 +0800
Processing by UsersController#show as HTML
  Parameters: {"id"=>"1"}
  [1m[36mUser Load (1.4ms)[0m  [1m[34mSELECT  "users".* FROM "users" WHERE "users"."id" = ? ORDER BY "users"."id" ASC LIMIT ?[0m  [["id", 1], ["LIMIT", 1]]
  [1m[36mUser Load (3.4ms)[0m  [1m[34mSELECT  "users".* FROM "users" WHERE "users"."id" = ? LIMIT ?[0m  [["id", 1], ["LIMIT", 1]]
  Rendering users/show.html.haml within layouts/application
  Rendered users/show.html.haml within layouts/application (5.4ms)
  Rendered partials/_sidebar.html.haml (26.6ms)
  Rendered partials/_topnav.html.haml (38.1ms)
Completed 200 OK in 1024ms (Views: 989.2ms | ActiveRecord: 4.8ms)


Started GET "/users/1" for ::1 at 2022-01-20 12:55:43 +0800
Processing by UsersController#show as HTML
  Parameters: {"id"=>"1"}
  [1m[36mUser Load (1.3ms)[0m  [1m[34mSELECT  "users".* FROM "users" WHERE "users"."id" = ? ORDER BY "users"."id" ASC LIMIT ?[0m  [["id", 1], ["LIMIT", 1]]
  [1m[36mUser Load (0.9ms)[0m  [1m[34mSELECT  "users".* FROM "users" WHERE "users"."id" = ? LIMIT ?[0m  [["id", 1], ["LIMIT", 1]]
  Rendering users/show.html.haml within layouts/application
  Rendered users/show.html.haml within layouts/application (5.4ms)
  Rendered partials/_sidebar.html.haml (31.4ms)
  Rendered partials/_topnav.html.haml (66.2ms)
Completed 500 Internal Server Error in 1085ms (ActiveRecord: 2.2ms)


  
ActionView::Template::Error (Illegal nesting: nesting within a tag that already has content is illegal.):
    1: %nav.navbar.navbar-default.navbar-fixed
    2:   .container-fluid
    3:     / .navbar-header{"data-color" => "green"}
    4:       %button.navbar-toggle{"data-target" => "#navigation-example-2", "data-toggle" => "collapse", :type => "button"}
    5:         %span.sr-only Toggle navigation
    6:         %span.icon-bar
    7:         %span.icon-bar
  
app/views/partials/_topnav.html.haml:4
app/views/layouts/application.html.haml:23:in `_app_views_layouts_application_html_haml__570962213_83100'
Started GET "/users/1" for ::1 at 2022-01-20 12:56:09 +0800
Processing by UsersController#show as HTML
  Parameters: {"id"=>"1"}
  [1m[36mUser Load (1.3ms)[0m  [1m[34mSELECT  "users".* FROM "users" WHERE "users"."id" = ? ORDER BY "users"."id" ASC LIMIT ?[0m  [["id", 1], ["LIMIT", 1]]
  [1m[36mUser Load (0.8ms)[0m  [1m[34mSELECT  "users".* FROM "users" WHERE "users"."id" = ? LIMIT ?[0m  [["id", 1], ["LIMIT", 1]]
  Rendering users/show.html.haml within layouts/application
  Rendered users/show.html.haml within layouts/application (13.6ms)
  Rendered partials/_sidebar.html.haml (30.2ms)
  Rendered partials/_topnav.html.haml (56.5ms)
Completed 200 OK in 1002ms (Views: 870.6ms | ActiveRecord: 2.1ms)


Started GET "/students" for ::1 at 2022-01-20 12:56:15 +0800
Processing by StudentsController#index as HTML
  [1m[36mUser Load (1.3ms)[0m  [1m[34mSELECT  "users".* FROM "users" WHERE "users"."id" = ? ORDER BY "users"."id" ASC LIMIT ?[0m  [["id", 1], ["LIMIT", 1]]
  Rendering students/index.html.haml within layouts/application
  [1m[36mStudent Load (1.3ms)[0m  [1m[34mSELECT "students".* FROM "students"[0m
  Rendered students/index.html.haml within layouts/application (119.6ms)
  Rendered partials/_sidebar.html.haml (32.2ms)
  Rendered partials/_topnav.html.haml (45.0ms)
Completed 200 OK in 911ms (Views: 842.3ms | ActiveRecord: 15.8ms)


